Using pre-set license
Built from '2020.3/staging' branch; Version is '2020.3.13f1 (71691879b7f5) revision 7432472'; Using compiler version '192528614'; Build Type 'Release'
OS: 'Windows 10 Pro; OS build 19042.1052; Version 2009; 64bit' Language: 'ko' Physical Memory: 16330 MB
BatchMode: 1, IsHumanControllingUs: 0, StartBugReporterOnCrash: 0, Is64bit: 1, IsPro: 0

 COMMAND LINE ARGUMENTS:
C:\Program Files\Unity\Hub\Editor\2020.3.13f1\Editor\Unity.exe
-adb2
-batchMode
-noUpm
-name
AssetImportWorker0
-projectPath
C:/Users/User/Documents/GitHub/RGB/blue/gamejam
-logFile
Logs/AssetImportWorker0.log
-srvPort
60890
Successfully changed project path to: C:/Users/User/Documents/GitHub/RGB/blue/gamejam
C:/Users/User/Documents/GitHub/RGB/blue/gamejam
Using Asset Import Pipeline V2.
Refreshing native plugins compatible for Editor in 50.50 ms, found 3 plugins.
Preloading 0 native plugins for Editor in 0.00 ms.
Initialize engine version: 2020.3.13f1 (71691879b7f5)
[Subsystems] Discovering subsystems at path C:/Program Files/Unity/Hub/Editor/2020.3.13f1/Editor/Data/Resources/UnitySubsystems
[Subsystems] Discovering subsystems at path C:/Users/User/Documents/GitHub/RGB/blue/gamejam/Assets
GfxDevice: creating device client; threaded=0
Direct3D:
    Version:  Direct3D 11.0 [level 11.1]
    Renderer: NVIDIA GeForce GTX 1050 Ti (ID=0x1c82)
    Vendor:   
    VRAM:     4018 MB
    Driver:   27.21.14.5751
Initialize mono
Mono path[0] = 'C:/Program Files/Unity/Hub/Editor/2020.3.13f1/Editor/Data/Managed'
Mono path[1] = 'C:/Program Files/Unity/Hub/Editor/2020.3.13f1/Editor/Data/MonoBleedingEdge/lib/mono/unityjit'
Mono config path = 'C:/Program Files/Unity/Hub/Editor/2020.3.13f1/Editor/Data/MonoBleedingEdge/etc'
Using monoOptions --debugger-agent=transport=dt_socket,embedding=1,server=y,suspend=n,address=127.0.0.1:56340
Begin MonoManager ReloadAssembly
Registering precompiled unity dll's ...
Register platform support module: C:/Program Files/Unity/Hub/Editor/2020.3.13f1/Editor/Data/PlaybackEngines/WindowsStandaloneSupport/UnityEditor.WindowsStandalone.Extensions.dll
Registered in 0.003378 seconds.
Native extension for WindowsStandalone target not found
Refreshing native plugins compatible for Editor in 43.92 ms, found 3 plugins.
Preloading 0 native plugins for Editor in 0.00 ms.
Mono: successfully reloaded assembly
- Completed reload, in  2.738 seconds
Platform modules already initialized, skipping
Registering precompiled user dll's ...
Registered in 0.005965 seconds.
Begin MonoManager ReloadAssembly
Native extension for WindowsStandalone target not found
Refreshing native plugins compatible for Editor in 43.62 ms, found 3 plugins.
Preloading 0 native plugins for Editor in 0.00 ms.
Mono: successfully reloaded assembly
- Completed reload, in  1.325 seconds
Platform modules already initialized, skipping
========================================================================
Worker process is ready to serve import requests
Launched and connected shader compiler UnityShaderCompiler.exe after 0.06 seconds
Refreshing native plugins compatible for Editor in 0.46 ms, found 3 plugins.
Preloading 0 native plugins for Editor in 0.00 ms.
Unloading 2254 Unused Serialized files (Serialized files now loaded: 0)
System memory in use before: 100.8 MB.
System memory in use after: 100.9 MB.

Unloading 29 unused Assets to reduce memory usage. Loaded Objects now: 2694.
Total: 2.235900 ms (FindLiveObjects: 0.208100 ms CreateObjectMapping: 0.110800 ms MarkObjects: 1.853500 ms  DeleteObjects: 0.062400 ms)

AssetImportParameters requested are different than current active one (requested -> active):
  custom:framework-win-MediaFoundation: 216162199b28c13a410421893ffa2e32 -> 
  custom:video-decoder-ogg-theora: a1e56fd34408186e4bbccfd4996cb3dc -> 
  custom:container-muxer-webm: aa71ff27fc2769a1b78a27578f13a17b -> 
  custom:container-demuxer-webm: 4f35f7cbe854078d1ac9338744f61a02 -> 
  custom:container-demuxer-ogg: 62fdf1f143b41e24485cea50d1cbac27 -> 
  custom:video-encoder-webm-vp8: eb34c28f22e8b96e1ab97ce403110664 -> 
  custom:video-decoder-webm-vp8: 9c59270c3fd7afecdb556c50c9e8de78 -> 
  custom:audio-decoder-ogg-vorbis: bf7c407c2cedff20999df2af8eb42d56 -> 
  custom:audio-encoder-webm-vorbis: bf7c407c2cedff20999df2af8eb42d56 -> 
========================================================================
Received Prepare
Registering precompiled user dll's ...
Registered in 0.006544 seconds.
Begin MonoManager ReloadAssembly
Native extension for WindowsStandalone target not found
Refreshing native plugins compatible for Editor in 0.45 ms, found 3 plugins.
Preloading 0 native plugins for Editor in 0.00 ms.
Mono: successfully reloaded assembly
- Completed reload, in  1.141 seconds
Platform modules already initialized, skipping
Refreshing native plugins compatible for Editor in 0.46 ms, found 3 plugins.
Preloading 0 native plugins for Editor in 0.00 ms.
Unloading 2242 Unused Serialized files (Serialized files now loaded: 0)
System memory in use before: 100.3 MB.
System memory in use after: 100.4 MB.

Unloading 18 unused Assets to reduce memory usage. Loaded Objects now: 2697.
Total: 3.116500 ms (FindLiveObjects: 0.164400 ms CreateObjectMapping: 0.074100 ms MarkObjects: 2.848200 ms  DeleteObjects: 0.028400 ms)

AssetImportParameters requested are different than current active one (requested -> active):
  custom:framework-win-MediaFoundation: 216162199b28c13a410421893ffa2e32 -> 
  custom:video-decoder-ogg-theora: a1e56fd34408186e4bbccfd4996cb3dc -> 
  custom:container-muxer-webm: aa71ff27fc2769a1b78a27578f13a17b -> 
  custom:container-demuxer-webm: 4f35f7cbe854078d1ac9338744f61a02 -> 
  custom:container-demuxer-ogg: 62fdf1f143b41e24485cea50d1cbac27 -> 
  custom:video-encoder-webm-vp8: eb34c28f22e8b96e1ab97ce403110664 -> 
  custom:video-decoder-webm-vp8: 9c59270c3fd7afecdb556c50c9e8de78 -> 
  custom:audio-decoder-ogg-vorbis: bf7c407c2cedff20999df2af8eb42d56 -> 
  custom:audio-encoder-webm-vorbis: bf7c407c2cedff20999df2af8eb42d56 -> 
========================================================================
Received Import Request.
  path: Assets/Scenes/Stage1.unity
  artifactKey: Guid(2cda990e2423bbf4892e6590ba056729) Importer(815301076,1909f56bfc062723c751e8b465ee728b)
Start importing Assets/Scenes/Stage1.unity using Guid(2cda990e2423bbf4892e6590ba056729) Importer(815301076,1909f56bfc062723c751e8b465ee728b)  -> (artifact id: '1fa6f6e6c4deaa621e49c118d729da6f') in 0.013391 seconds 
  Import took 0.017806 seconds .

========================================================================
Received Import Request.
  Time since last request: 77.873865 seconds.
  path: Assets/Sprites/Stage2
  artifactKey: Guid(a2146e9057ce563418ea97f72a9377e1) Importer(815301076,1909f56bfc062723c751e8b465ee728b)
Start importing Assets/Sprites/Stage2 using Guid(a2146e9057ce563418ea97f72a9377e1) Importer(815301076,1909f56bfc062723c751e8b465ee728b)  -> (artifact id: '9e9178ae5c6700f95012106d7c81094d') in 0.002294 seconds 
  Import took 0.006026 seconds .

========================================================================
Received Import Request.
  Time since last request: 0.569275 seconds.
  path: Assets/Sprites/Animation_source
  artifactKey: Guid(71e8589cc47441c4bb13df5aad24f0d8) Importer(815301076,1909f56bfc062723c751e8b465ee728b)
Start importing Assets/Sprites/Animation_source using Guid(71e8589cc47441c4bb13df5aad24f0d8) Importer(815301076,1909f56bfc062723c751e8b465ee728b)  -> (artifact id: '7d1535942464a43af027b0076c0679d0') in 0.002368 seconds 
  Import took 0.005939 seconds .

========================================================================
Received Import Request.
  Time since last request: 126.488679 seconds.
  path: Assets/Sprites/s1_door_open.png
  artifactKey: Guid(324cfb19fa1af814d9c951602c4c855c) Importer(815301076,1909f56bfc062723c751e8b465ee728b)
Start importing Assets/Sprites/s1_door_open.png using Guid(324cfb19fa1af814d9c951602c4c855c) Importer(815301076,1909f56bfc062723c751e8b465ee728b)  -> (artifact id: '0cfd066a6481c02ccc495a8b9d91f584') in 0.107628 seconds 
  Import took 0.111203 seconds .

========================================================================
Received Import Request.
  Time since last request: 59.558869 seconds.
  path: Assets/Scripts/Player/PlayerInteract.cs
  artifactKey: Guid(f2b9237dd7fdd3b4abe920f2acea218d) Importer(815301076,1909f56bfc062723c751e8b465ee728b)
Start importing Assets/Scripts/Player/PlayerInteract.cs using Guid(f2b9237dd7fdd3b4abe920f2acea218d) Importer(815301076,1909f56bfc062723c751e8b465ee728b)  -> (artifact id: '59621c4244f34932637cf9110972058d') in 0.006931 seconds 
  Import took 0.010641 seconds .

========================================================================
Received Import Request.
  Time since last request: 0.026121 seconds.
  path: Assets/Scripts/Player/PlayerInteract.cs
  artifactKey: Guid(f2b9237dd7fdd3b4abe920f2acea218d) Importer(815301076,1909f56bfc062723c751e8b465ee728b)
Start importing Assets/Scripts/Player/PlayerInteract.cs using Guid(f2b9237dd7fdd3b4abe920f2acea218d) Importer(815301076,1909f56bfc062723c751e8b465ee728b)  -> (artifact id: '59621c4244f34932637cf9110972058d') in 0.002079 seconds 
  Import took 0.005629 seconds .

========================================================================
Received Import Request.
  Time since last request: 15.822091 seconds.
  path: ProjectSettings/TagManager.asset
  artifactKey: Guid(00000000000000003000000000000000) Importer(815301076,1909f56bfc062723c751e8b465ee728b)
Start importing ProjectSettings/TagManager.asset using Guid(00000000000000003000000000000000) Importer(815301076,1909f56bfc062723c751e8b465ee728b)  -> (artifact id: '70309258018df45001fba8648648efd4') in 0.023969 seconds 
  Import took 0.028894 seconds .

========================================================================
Received Import Request.
  Time since last request: 0.003116 seconds.
  path: ProjectSettings/TagManager.asset
  artifactKey: Guid(00000000000000003000000000000000) Importer(815301076,1909f56bfc062723c751e8b465ee728b)
Start importing ProjectSettings/TagManager.asset using Guid(00000000000000003000000000000000) Importer(815301076,1909f56bfc062723c751e8b465ee728b)  -> (artifact id: '70309258018df45001fba8648648efd4') in 0.155946 seconds 
  Import took 0.179938 seconds .

========================================================================
Received Import Request.
  Time since last request: 58.786293 seconds.
  path: Assets/Animation/FadeInAndOut.anim
  artifactKey: Guid(5914db85d95ddb64b8a3fd185ed01222) Importer(815301076,1909f56bfc062723c751e8b465ee728b)
Start importing Assets/Animation/FadeInAndOut.anim using Guid(5914db85d95ddb64b8a3fd185ed01222) Importer(815301076,1909f56bfc062723c751e8b465ee728b)  -> (artifact id: 'd8861831efa67cb0fe91471d32bfed17') in 0.008287 seconds 
  Import took 0.011942 seconds .

========================================================================
Received Import Request.
  Time since last request: 0.003410 seconds.
  path: Assets/Animation/FadeInAndOut.anim
  artifactKey: Guid(5914db85d95ddb64b8a3fd185ed01222) Importer(815301076,1909f56bfc062723c751e8b465ee728b)
Start importing Assets/Animation/FadeInAndOut.anim using Guid(5914db85d95ddb64b8a3fd185ed01222) Importer(815301076,1909f56bfc062723c751e8b465ee728b)  -> (artifact id: 'd8861831efa67cb0fe91471d32bfed17') in 0.004416 seconds 
  Import took 0.008086 seconds .

========================================================================
Received Import Request.
  Time since last request: 0.280903 seconds.
  path: Assets/Animation/explosion.controller
  artifactKey: Guid(69694e8b17ec31f42a7b467fce1b2c7a) Importer(815301076,1909f56bfc062723c751e8b465ee728b)
Start importing Assets/Animation/explosion.controller using Guid(69694e8b17ec31f42a7b467fce1b2c7a) Importer(815301076,1909f56bfc062723c751e8b465ee728b)  -> (artifact id: '623b0455a32c3326e4db0f50b8b8167c') in 0.008764 seconds 
  Import took 0.012272 seconds .

========================================================================
Received Import Request.
  Time since last request: 2.995922 seconds.
  path: Assets/Animation/S1ToS2.anim
  artifactKey: Guid(fa3cbfc62f21bd8428a1b6dac5a3de47) Importer(815301076,1909f56bfc062723c751e8b465ee728b)
Start importing Assets/Animation/S1ToS2.anim using Guid(fa3cbfc62f21bd8428a1b6dac5a3de47) Importer(815301076,1909f56bfc062723c751e8b465ee728b)  -> (artifact id: 'cc3b906b8ff1acb7e1bf3871ffcd557f') in 0.003294 seconds 
  Import took 0.007327 seconds .

========================================================================
Received Import Request.
  Time since last request: 21.939469 seconds.
  path: Assets/Sprites/monster/pngwing_com_0.controller
  artifactKey: Guid(925c4b20c859d64408caf00a8309f993) Importer(815301076,1909f56bfc062723c751e8b465ee728b)
Start importing Assets/Sprites/monster/pngwing_com_0.controller using Guid(925c4b20c859d64408caf00a8309f993) Importer(815301076,1909f56bfc062723c751e8b465ee728b)  -> (artifact id: '463d13eab1a733045beb3de8ae0d0b15') in 0.004076 seconds 
  Import took 0.007578 seconds .

========================================================================
Received Import Request.
  Time since last request: 112.806772 seconds.
  path: Assets/Scripts/Triggers
  artifactKey: Guid(a5432ac829fe25c458a31dab5ada6a86) Importer(815301076,1909f56bfc062723c751e8b465ee728b)
Start importing Assets/Scripts/Triggers using Guid(a5432ac829fe25c458a31dab5ada6a86) Importer(815301076,1909f56bfc062723c751e8b465ee728b)  -> (artifact id: 'c881f7916b51f11e1c7aecfcdacf094e') in 0.002946 seconds 
  Import took 0.007032 seconds .

========================================================================
Received Import Request.
  Time since last request: 6.968053 seconds.
  path: Assets/Scripts
  artifactKey: Guid(37c874f46316c3841999ead9155774a6) Importer(815301076,1909f56bfc062723c751e8b465ee728b)
Start importing Assets/Scripts using Guid(37c874f46316c3841999ead9155774a6) Importer(815301076,1909f56bfc062723c751e8b465ee728b)  -> (artifact id: '7785943374a8371b50de61a3712d941c') in 0.003295 seconds 
  Import took 0.007069 seconds .

========================================================================
Received Import Request.
  Time since last request: 5.364095 seconds.
  path: Assets/Scripts/Door.cs
  artifactKey: Guid(556ac24bf82bb314bb401d22ab3ef04f) Importer(815301076,1909f56bfc062723c751e8b465ee728b)
Start importing Assets/Scripts/Door.cs using Guid(556ac24bf82bb314bb401d22ab3ef04f) Importer(815301076,1909f56bfc062723c751e8b465ee728b)  -> (artifact id: '42f3f56e779b06ba2fddd4ae33d433cf') in 0.002846 seconds 
  Import took 0.007207 seconds .

========================================================================
Received Prepare
Registering precompiled user dll's ...
Registered in 0.007419 seconds.
Begin MonoManager ReloadAssembly
Native extension for WindowsStandalone target not found
Refreshing native plugins compatible for Editor in 0.44 ms, found 3 plugins.
Preloading 0 native plugins for Editor in 0.00 ms.
Mono: successfully reloaded assembly
- Completed reload, in  1.198 seconds
Platform modules already initialized, skipping
Refreshing native plugins compatible for Editor in 0.47 ms, found 3 plugins.
Preloading 0 native plugins for Editor in 0.00 ms.
Unloading 2243 Unused Serialized files (Serialized files now loaded: 0)
System memory in use before: 103.6 MB.
System memory in use after: 103.7 MB.

Unloading 20 unused Assets to reduce memory usage. Loaded Objects now: 2707.
Total: 2.267000 ms (FindLiveObjects: 0.217300 ms CreateObjectMapping: 0.098600 ms MarkObjects: 1.930400 ms  DeleteObjects: 0.019200 ms)

AssetImportParameters requested are different than current active one (requested -> active):
  custom:framework-win-MediaFoundation: 216162199b28c13a410421893ffa2e32 -> 
  custom:video-decoder-ogg-theora: a1e56fd34408186e4bbccfd4996cb3dc -> 
  custom:container-muxer-webm: aa71ff27fc2769a1b78a27578f13a17b -> 
  custom:container-demuxer-webm: 4f35f7cbe854078d1ac9338744f61a02 -> 
  custom:container-demuxer-ogg: 62fdf1f143b41e24485cea50d1cbac27 -> 
  custom:video-encoder-webm-vp8: eb34c28f22e8b96e1ab97ce403110664 -> 
  custom:video-decoder-webm-vp8: 9c59270c3fd7afecdb556c50c9e8de78 -> 
  custom:audio-decoder-ogg-vorbis: bf7c407c2cedff20999df2af8eb42d56 -> 
  custom:audio-encoder-webm-vorbis: bf7c407c2cedff20999df2af8eb42d56 -> 
========================================================================
Received Prepare
Registering precompiled user dll's ...
Registered in 0.006523 seconds.
Begin MonoManager ReloadAssembly
Native extension for WindowsStandalone target not found
Refreshing native plugins compatible for Editor in 0.44 ms, found 3 plugins.
Preloading 0 native plugins for Editor in 0.00 ms.
Mono: successfully reloaded assembly
- Completed reload, in  1.217 seconds
Platform modules already initialized, skipping
Refreshing native plugins compatible for Editor in 0.46 ms, found 3 plugins.
Preloading 0 native plugins for Editor in 0.00 ms.
Unloading 2243 Unused Serialized files (Serialized files now loaded: 0)
System memory in use before: 103.6 MB.
System memory in use after: 103.7 MB.

Unloading 18 unused Assets to reduce memory usage. Loaded Objects now: 2710.
Total: 2.527800 ms (FindLiveObjects: 0.273400 ms CreateObjectMapping: 0.117500 ms MarkObjects: 2.116300 ms  DeleteObjects: 0.019300 ms)

AssetImportParameters requested are different than current active one (requested -> active):
  custom:framework-win-MediaFoundation: 216162199b28c13a410421893ffa2e32 -> 
  custom:video-decoder-ogg-theora: a1e56fd34408186e4bbccfd4996cb3dc -> 
  custom:container-muxer-webm: aa71ff27fc2769a1b78a27578f13a17b -> 
  custom:container-demuxer-webm: 4f35f7cbe854078d1ac9338744f61a02 -> 
  custom:container-demuxer-ogg: 62fdf1f143b41e24485cea50d1cbac27 -> 
  custom:video-encoder-webm-vp8: eb34c28f22e8b96e1ab97ce403110664 -> 
  custom:video-decoder-webm-vp8: 9c59270c3fd7afecdb556c50c9e8de78 -> 
  custom:audio-decoder-ogg-vorbis: bf7c407c2cedff20999df2af8eb42d56 -> 
  custom:audio-encoder-webm-vorbis: bf7c407c2cedff20999df2af8eb42d56 -> 
========================================================================
Received Prepare
Registering precompiled user dll's ...
Registered in 0.006463 seconds.
Begin MonoManager ReloadAssembly
Native extension for WindowsStandalone target not found
Refreshing native plugins compatible for Editor in 0.57 ms, found 3 plugins.
Preloading 0 native plugins for Editor in 0.00 ms.
Mono: successfully reloaded assembly
- Completed reload, in  1.153 seconds
Platform modules already initialized, skipping
Refreshing native plugins compatible for Editor in 0.44 ms, found 3 plugins.
Preloading 0 native plugins for Editor in 0.00 ms.
Unloading 2243 Unused Serialized files (Serialized files now loaded: 0)
System memory in use before: 103.6 MB.
System memory in use after: 103.7 MB.

Unloading 18 unused Assets to reduce memory usage. Loaded Objects now: 2713.
Total: 2.243200 ms (FindLiveObjects: 0.223400 ms CreateObjectMapping: 0.089900 ms MarkObjects: 1.913000 ms  DeleteObjects: 0.016000 ms)

AssetImportParameters requested are different than current active one (requested -> active):
  custom:framework-win-MediaFoundation: 216162199b28c13a410421893ffa2e32 -> 
  custom:video-decoder-ogg-theora: a1e56fd34408186e4bbccfd4996cb3dc -> 
  custom:container-muxer-webm: aa71ff27fc2769a1b78a27578f13a17b -> 
  custom:container-demuxer-webm: 4f35f7cbe854078d1ac9338744f61a02 -> 
  custom:container-demuxer-ogg: 62fdf1f143b41e24485cea50d1cbac27 -> 
  custom:video-encoder-webm-vp8: eb34c28f22e8b96e1ab97ce403110664 -> 
  custom:video-decoder-webm-vp8: 9c59270c3fd7afecdb556c50c9e8de78 -> 
  custom:audio-decoder-ogg-vorbis: bf7c407c2cedff20999df2af8eb42d56 -> 
  custom:audio-encoder-webm-vorbis: bf7c407c2cedff20999df2af8eb42d56 -> 
========================================================================
Received Prepare
Registering precompiled user dll's ...
Registered in 0.007677 seconds.
Begin MonoManager ReloadAssembly
Native extension for WindowsStandalone target not found
Refreshing native plugins compatible for Editor in 0.46 ms, found 3 plugins.
Preloading 0 native plugins for Editor in 0.00 ms.
Mono: successfully reloaded assembly
- Completed reload, in  1.138 seconds
Platform modules already initialized, skipping
Refreshing native plugins compatible for Editor in 0.50 ms, found 3 plugins.
Preloading 0 native plugins for Editor in 0.00 ms.
Unloading 2243 Unused Serialized files (Serialized files now loaded: 0)
System memory in use before: 103.5 MB.
System memory in use after: 103.6 MB.

Unloading 18 unused Assets to reduce memory usage. Loaded Objects now: 2716.
Total: 2.342400 ms (FindLiveObjects: 0.203500 ms CreateObjectMapping: 0.089500 ms MarkObjects: 2.031000 ms  DeleteObjects: 0.017400 ms)

AssetImportParameters requested are different than current active one (requested -> active):
  custom:framework-win-MediaFoundation: 216162199b28c13a410421893ffa2e32 -> 
  custom:video-decoder-ogg-theora: a1e56fd34408186e4bbccfd4996cb3dc -> 
  custom:container-muxer-webm: aa71ff27fc2769a1b78a27578f13a17b -> 
  custom:container-demuxer-webm: 4f35f7cbe854078d1ac9338744f61a02 -> 
  custom:container-demuxer-ogg: 62fdf1f143b41e24485cea50d1cbac27 -> 
  custom:video-encoder-webm-vp8: eb34c28f22e8b96e1ab97ce403110664 -> 
  custom:video-decoder-webm-vp8: 9c59270c3fd7afecdb556c50c9e8de78 -> 
  custom:audio-decoder-ogg-vorbis: bf7c407c2cedff20999df2af8eb42d56 -> 
  custom:audio-encoder-webm-vorbis: bf7c407c2cedff20999df2af8eb42d56 -> 
========================================================================
Received Prepare
Registering precompiled user dll's ...
Registered in 0.006352 seconds.
Begin MonoManager ReloadAssembly
Native extension for WindowsStandalone target not found
Refreshing native plugins compatible for Editor in 0.56 ms, found 3 plugins.
Preloading 0 native plugins for Editor in 0.00 ms.
Mono: successfully reloaded assembly
- Completed reload, in  1.131 seconds
Platform modules already initialized, skipping
Refreshing native plugins compatible for Editor in 0.45 ms, found 3 plugins.
Preloading 0 native plugins for Editor in 0.00 ms.
Unloading 2243 Unused Serialized files (Serialized files now loaded: 0)
System memory in use before: 103.7 MB.
System memory in use after: 103.9 MB.

Unloading 18 unused Assets to reduce memory usage. Loaded Objects now: 2719.
Total: 2.395300 ms (FindLiveObjects: 0.189000 ms CreateObjectMapping: 0.082900 ms MarkObjects: 2.105900 ms  DeleteObjects: 0.016500 ms)

AssetImportParameters requested are different than current active one (requested -> active):
  custom:framework-win-MediaFoundation: 216162199b28c13a410421893ffa2e32 -> 
  custom:video-decoder-ogg-theora: a1e56fd34408186e4bbccfd4996cb3dc -> 
  custom:container-muxer-webm: aa71ff27fc2769a1b78a27578f13a17b -> 
  custom:container-demuxer-webm: 4f35f7cbe854078d1ac9338744f61a02 -> 
  custom:container-demuxer-ogg: 62fdf1f143b41e24485cea50d1cbac27 -> 
  custom:video-encoder-webm-vp8: eb34c28f22e8b96e1ab97ce403110664 -> 
  custom:video-decoder-webm-vp8: 9c59270c3fd7afecdb556c50c9e8de78 -> 
  custom:audio-decoder-ogg-vorbis: bf7c407c2cedff20999df2af8eb42d56 -> 
  custom:audio-encoder-webm-vorbis: bf7c407c2cedff20999df2af8eb42d56 -> 
========================================================================
Received Prepare
Registering precompiled user dll's ...
Registered in 0.006275 seconds.
Begin MonoManager ReloadAssembly
Native extension for WindowsStandalone target not found
Refreshing native plugins compatible for Editor in 0.50 ms, found 3 plugins.
Preloading 0 native plugins for Editor in 0.00 ms.
Mono: successfully reloaded assembly
- Completed reload, in  1.207 seconds
Platform modules already initialized, skipping
Refreshing native plugins compatible for Editor in 0.52 ms, found 3 plugins.
Preloading 0 native plugins for Editor in 0.00 ms.
Unloading 2243 Unused Serialized files (Serialized files now loaded: 0)
System memory in use before: 103.7 MB.
System memory in use after: 104.0 MB.

Unloading 18 unused Assets to reduce memory usage. Loaded Objects now: 2722.
Total: 2.256300 ms (FindLiveObjects: 0.216800 ms CreateObjectMapping: 0.100800 ms MarkObjects: 1.919300 ms  DeleteObjects: 0.018500 ms)

AssetImportParameters requested are different than current active one (requested -> active):
  custom:framework-win-MediaFoundation: 216162199b28c13a410421893ffa2e32 -> 
  custom:video-decoder-ogg-theora: a1e56fd34408186e4bbccfd4996cb3dc -> 
  custom:container-muxer-webm: aa71ff27fc2769a1b78a27578f13a17b -> 
  custom:container-demuxer-webm: 4f35f7cbe854078d1ac9338744f61a02 -> 
  custom:container-demuxer-ogg: 62fdf1f143b41e24485cea50d1cbac27 -> 
  custom:video-encoder-webm-vp8: eb34c28f22e8b96e1ab97ce403110664 -> 
  custom:video-decoder-webm-vp8: 9c59270c3fd7afecdb556c50c9e8de78 -> 
  custom:audio-decoder-ogg-vorbis: bf7c407c2cedff20999df2af8eb42d56 -> 
  custom:audio-encoder-webm-vorbis: bf7c407c2cedff20999df2af8eb42d56 -> 
========================================================================
Received Prepare
Registering precompiled user dll's ...
Registered in 0.006710 seconds.
Begin MonoManager ReloadAssembly
Native extension for WindowsStandalone target not found
Refreshing native plugins compatible for Editor in 0.45 ms, found 3 plugins.
Preloading 0 native plugins for Editor in 0.00 ms.
Mono: successfully reloaded assembly
- Completed reload, in  1.148 seconds
Platform modules already initialized, skipping
Refreshing native plugins compatible for Editor in 0.49 ms, found 3 plugins.
Preloading 0 native plugins for Editor in 0.00 ms.
Unloading 2243 Unused Serialized files (Serialized files now loaded: 0)
System memory in use before: 103.8 MB.
System memory in use after: 104.0 MB.

Unloading 18 unused Assets to reduce memory usage. Loaded Objects now: 2725.
Total: 2.085000 ms (FindLiveObjects: 0.201900 ms CreateObjectMapping: 0.127700 ms MarkObjects: 1.737900 ms  DeleteObjects: 0.016200 ms)

AssetImportParameters requested are different than current active one (requested -> active):
  custom:framework-win-MediaFoundation: 216162199b28c13a410421893ffa2e32 -> 
  custom:video-decoder-ogg-theora: a1e56fd34408186e4bbccfd4996cb3dc -> 
  custom:container-muxer-webm: aa71ff27fc2769a1b78a27578f13a17b -> 
  custom:container-demuxer-webm: 4f35f7cbe854078d1ac9338744f61a02 -> 
  custom:container-demuxer-ogg: 62fdf1f143b41e24485cea50d1cbac27 -> 
  custom:video-encoder-webm-vp8: eb34c28f22e8b96e1ab97ce403110664 -> 
  custom:video-decoder-webm-vp8: 9c59270c3fd7afecdb556c50c9e8de78 -> 
  custom:audio-decoder-ogg-vorbis: bf7c407c2cedff20999df2af8eb42d56 -> 
  custom:audio-encoder-webm-vorbis: bf7c407c2cedff20999df2af8eb42d56 -> 
========================================================================
Received Prepare
Registering precompiled user dll's ...
Registered in 0.006123 seconds.
Begin MonoManager ReloadAssembly
Native extension for WindowsStandalone target not found
Refreshing native plugins compatible for Editor in 0.45 ms, found 3 plugins.
Preloading 0 native plugins for Editor in 0.00 ms.
Mono: successfully reloaded assembly
- Completed reload, in  1.137 seconds
Platform modules already initialized, skipping
Refreshing native plugins compatible for Editor in 0.45 ms, found 3 plugins.
Preloading 0 native plugins for Editor in 0.00 ms.
Unloading 2243 Unused Serialized files (Serialized files now loaded: 0)
System memory in use before: 103.8 MB.
System memory in use after: 104.0 MB.

Unloading 18 unused Assets to reduce memory usage. Loaded Objects now: 2728.
Total: 2.230100 ms (FindLiveObjects: 0.205400 ms CreateObjectMapping: 0.099400 ms MarkObjects: 1.904900 ms  DeleteObjects: 0.019300 ms)

AssetImportParameters requested are different than current active one (requested -> active):
  custom:framework-win-MediaFoundation: 216162199b28c13a410421893ffa2e32 -> 
  custom:video-decoder-ogg-theora: a1e56fd34408186e4bbccfd4996cb3dc -> 
  custom:container-muxer-webm: aa71ff27fc2769a1b78a27578f13a17b -> 
  custom:container-demuxer-webm: 4f35f7cbe854078d1ac9338744f61a02 -> 
  custom:container-demuxer-ogg: 62fdf1f143b41e24485cea50d1cbac27 -> 
  custom:video-encoder-webm-vp8: eb34c28f22e8b96e1ab97ce403110664 -> 
  custom:video-decoder-webm-vp8: 9c59270c3fd7afecdb556c50c9e8de78 -> 
  custom:audio-decoder-ogg-vorbis: bf7c407c2cedff20999df2af8eb42d56 -> 
  custom:audio-encoder-webm-vorbis: bf7c407c2cedff20999df2af8eb42d56 -> 
========================================================================
Received Prepare
Registering precompiled user dll's ...
Registered in 0.006670 seconds.
Begin MonoManager ReloadAssembly
Native extension for WindowsStandalone target not found
Refreshing native plugins compatible for Editor in 0.46 ms, found 3 plugins.
Preloading 0 native plugins for Editor in 0.00 ms.
Mono: successfully reloaded assembly
- Completed reload, in  1.119 seconds
Platform modules already initialized, skipping
Refreshing native plugins compatible for Editor in 0.48 ms, found 3 plugins.
Preloading 0 native plugins for Editor in 0.00 ms.
Unloading 2243 Unused Serialized files (Serialized files now loaded: 0)
System memory in use before: 103.7 MB.
System memory in use after: 103.9 MB.

Unloading 18 unused Assets to reduce memory usage. Loaded Objects now: 2731.
Total: 2.532500 ms (FindLiveObjects: 0.212900 ms CreateObjectMapping: 0.102400 ms MarkObjects: 2.199000 ms  DeleteObjects: 0.017000 ms)

AssetImportParameters requested are different than current active one (requested -> active):
  custom:framework-win-MediaFoundation: 216162199b28c13a410421893ffa2e32 -> 
  custom:video-decoder-ogg-theora: a1e56fd34408186e4bbccfd4996cb3dc -> 
  custom:container-muxer-webm: aa71ff27fc2769a1b78a27578f13a17b -> 
  custom:container-demuxer-webm: 4f35f7cbe854078d1ac9338744f61a02 -> 
  custom:container-demuxer-ogg: 62fdf1f143b41e24485cea50d1cbac27 -> 
  custom:video-encoder-webm-vp8: eb34c28f22e8b96e1ab97ce403110664 -> 
  custom:video-decoder-webm-vp8: 9c59270c3fd7afecdb556c50c9e8de78 -> 
  custom:audio-decoder-ogg-vorbis: bf7c407c2cedff20999df2af8eb42d56 -> 
  custom:audio-encoder-webm-vorbis: bf7c407c2cedff20999df2af8eb42d56 -> 
========================================================================
Received Prepare
Registering precompiled user dll's ...
Registered in 0.006704 seconds.
Begin MonoManager ReloadAssembly
Native extension for WindowsStandalone target not found
Refreshing native plugins compatible for Editor in 0.44 ms, found 3 plugins.
Preloading 0 native plugins for Editor in 0.00 ms.
Mono: successfully reloaded assembly
- Completed reload, in  1.181 seconds
Platform modules already initialized, skipping
Refreshing native plugins compatible for Editor in 0.44 ms, found 3 plugins.
Preloading 0 native plugins for Editor in 0.00 ms.
Unloading 2243 Unused Serialized files (Serialized files now loaded: 0)
System memory in use before: 103.8 MB.
System memory in use after: 104.0 MB.

Unloading 18 unused Assets to reduce memory usage. Loaded Objects now: 2734.
Total: 2.344100 ms (FindLiveObjects: 0.195200 ms CreateObjectMapping: 0.090700 ms MarkObjects: 2.038400 ms  DeleteObjects: 0.018900 ms)

AssetImportParameters requested are different than current active one (requested -> active):
  custom:framework-win-MediaFoundation: 216162199b28c13a410421893ffa2e32 -> 
  custom:video-decoder-ogg-theora: a1e56fd34408186e4bbccfd4996cb3dc -> 
  custom:container-muxer-webm: aa71ff27fc2769a1b78a27578f13a17b -> 
  custom:container-demuxer-webm: 4f35f7cbe854078d1ac9338744f61a02 -> 
  custom:container-demuxer-ogg: 62fdf1f143b41e24485cea50d1cbac27 -> 
  custom:video-encoder-webm-vp8: eb34c28f22e8b96e1ab97ce403110664 -> 
  custom:video-decoder-webm-vp8: 9c59270c3fd7afecdb556c50c9e8de78 -> 
  custom:audio-decoder-ogg-vorbis: bf7c407c2cedff20999df2af8eb42d56 -> 
  custom:audio-encoder-webm-vorbis: bf7c407c2cedff20999df2af8eb42d56 -> 
========================================================================
Received Prepare
Registering precompiled user dll's ...
Registered in 0.006059 seconds.
Begin MonoManager ReloadAssembly
Native extension for WindowsStandalone target not found
Refreshing native plugins compatible for Editor in 0.44 ms, found 3 plugins.
Preloading 0 native plugins for Editor in 0.00 ms.
Mono: successfully reloaded assembly
- Completed reload, in  1.120 seconds
Platform modules already initialized, skipping
Refreshing native plugins compatible for Editor in 0.45 ms, found 3 plugins.
Preloading 0 native plugins for Editor in 0.00 ms.
Unloading 2243 Unused Serialized files (Serialized files now loaded: 0)
System memory in use before: 103.8 MB.
System memory in use after: 104.0 MB.

Unloading 18 unused Assets to reduce memory usage. Loaded Objects now: 2737.
Total: 2.650500 ms (FindLiveObjects: 0.201700 ms CreateObjectMapping: 0.098300 ms MarkObjects: 2.332200 ms  DeleteObjects: 0.017300 ms)

AssetImportParameters requested are different than current active one (requested -> active):
  custom:framework-win-MediaFoundation: 216162199b28c13a410421893ffa2e32 -> 
  custom:video-decoder-ogg-theora: a1e56fd34408186e4bbccfd4996cb3dc -> 
  custom:container-muxer-webm: aa71ff27fc2769a1b78a27578f13a17b -> 
  custom:container-demuxer-webm: 4f35f7cbe854078d1ac9338744f61a02 -> 
  custom:container-demuxer-ogg: 62fdf1f143b41e24485cea50d1cbac27 -> 
  custom:video-encoder-webm-vp8: eb34c28f22e8b96e1ab97ce403110664 -> 
  custom:video-decoder-webm-vp8: 9c59270c3fd7afecdb556c50c9e8de78 -> 
  custom:audio-decoder-ogg-vorbis: bf7c407c2cedff20999df2af8eb42d56 -> 
  custom:audio-encoder-webm-vorbis: bf7c407c2cedff20999df2af8eb42d56 -> 
========================================================================
Received Import Request.
  Time since last request: 1099.828241 seconds.
  path: Assets/Scenes/Stage1.unity
  artifactKey: Guid(2cda990e2423bbf4892e6590ba056729) Importer(815301076,1909f56bfc062723c751e8b465ee728b)
Start importing Assets/Scenes/Stage1.unity using Guid(2cda990e2423bbf4892e6590ba056729) Importer(815301076,1909f56bfc062723c751e8b465ee728b)  -> (artifact id: 'a3c51dfbf658661514aa3482ca8f81bb') in 0.016424 seconds 
  Import took 0.020179 seconds .

========================================================================
Received Import Request.
  Time since last request: 0.793821 seconds.
  path: Assets/Scenes/GameOver.unity
  artifactKey: Guid(52209c2c95ceb5b4b91744c29f9763b3) Importer(815301076,1909f56bfc062723c751e8b465ee728b)
Start importing Assets/Scenes/GameOver.unity using Guid(52209c2c95ceb5b4b91744c29f9763b3) Importer(815301076,1909f56bfc062723c751e8b465ee728b)  -> (artifact id: '8a55da1f7b5db7a4e667c49b29c3d4b8') in 0.003555 seconds 
  Import took 0.007398 seconds .

========================================================================
Received Prepare
Registering precompiled user dll's ...
Registered in 0.006645 seconds.
Begin MonoManager ReloadAssembly
Native extension for WindowsStandalone target not found
Refreshing native plugins compatible for Editor in 0.47 ms, found 3 plugins.
Preloading 0 native plugins for Editor in 0.00 ms.
Mono: successfully reloaded assembly
- Completed reload, in  1.143 seconds
Platform modules already initialized, skipping
Refreshing native plugins compatible for Editor in 0.44 ms, found 3 plugins.
Preloading 0 native plugins for Editor in 0.00 ms.
Unloading 2243 Unused Serialized files (Serialized files now loaded: 0)
System memory in use before: 103.8 MB.
System memory in use after: 104.0 MB.

Unloading 18 unused Assets to reduce memory usage. Loaded Objects now: 2740.
Total: 2.586000 ms (FindLiveObjects: 0.298000 ms CreateObjectMapping: 0.128100 ms MarkObjects: 2.140500 ms  DeleteObjects: 0.018300 ms)

AssetImportParameters requested are different than current active one (requested -> active):
  custom:framework-win-MediaFoundation: 216162199b28c13a410421893ffa2e32 -> 
  custom:video-decoder-ogg-theora: a1e56fd34408186e4bbccfd4996cb3dc -> 
  custom:container-muxer-webm: aa71ff27fc2769a1b78a27578f13a17b -> 
  custom:container-demuxer-webm: 4f35f7cbe854078d1ac9338744f61a02 -> 
  custom:container-demuxer-ogg: 62fdf1f143b41e24485cea50d1cbac27 -> 
  custom:video-encoder-webm-vp8: eb34c28f22e8b96e1ab97ce403110664 -> 
  custom:video-decoder-webm-vp8: 9c59270c3fd7afecdb556c50c9e8de78 -> 
  custom:audio-decoder-ogg-vorbis: bf7c407c2cedff20999df2af8eb42d56 -> 
  custom:audio-encoder-webm-vorbis: bf7c407c2cedff20999df2af8eb42d56 -> 
========================================================================
Received Import Request.
  Time since last request: 35.657769 seconds.
  path: Assets/Scripts/GameManager.cs
  artifactKey: Guid(8c18898377ed189488cea33fcfb55e69) Importer(815301076,1909f56bfc062723c751e8b465ee728b)
Start importing Assets/Scripts/GameManager.cs using Guid(8c18898377ed189488cea33fcfb55e69) Importer(815301076,1909f56bfc062723c751e8b465ee728b)  -> (artifact id: 'a1177f6ff05d27aebb4c455fb7d1cb2b') in 0.005705 seconds 
  Import took 0.009539 seconds .

========================================================================
Received Import Request.
  Time since last request: 0.001208 seconds.
  path: Assets/Scripts/GameManager.cs
  artifactKey: Guid(8c18898377ed189488cea33fcfb55e69) Importer(815301076,1909f56bfc062723c751e8b465ee728b)
Start importing Assets/Scripts/GameManager.cs using Guid(8c18898377ed189488cea33fcfb55e69) Importer(815301076,1909f56bfc062723c751e8b465ee728b)  -> (artifact id: 'a1177f6ff05d27aebb4c455fb7d1cb2b') in 0.002645 seconds 
  Import took 0.006085 seconds .

========================================================================
Received Import Request.
  Time since last request: 11.592677 seconds.
  path: Assets/Scripts/Player
  artifactKey: Guid(5005e739a20392e42b0043c814a31c3c) Importer(815301076,1909f56bfc062723c751e8b465ee728b)
Start importing Assets/Scripts/Player using Guid(5005e739a20392e42b0043c814a31c3c) Importer(815301076,1909f56bfc062723c751e8b465ee728b)  -> (artifact id: '0246432ecf8029c890ff6e859aa2a9c6') in 0.003403 seconds 
  Import took 0.007649 seconds .

========================================================================
Received Import Request.
  Time since last request: 1.293948 seconds.
  path: Assets/Scripts/Player/PlayerStat.cs
  artifactKey: Guid(37f5897e95a3f3f47a8ed3a0b0f09dee) Importer(815301076,1909f56bfc062723c751e8b465ee728b)
Start importing Assets/Scripts/Player/PlayerStat.cs using Guid(37f5897e95a3f3f47a8ed3a0b0f09dee) Importer(815301076,1909f56bfc062723c751e8b465ee728b)  -> (artifact id: 'e851ec4c0b4328ac2f1d0d8ad3269dbe') in 0.002642 seconds 
  Import took 0.006145 seconds .

========================================================================
Received Import Request.
  Time since last request: 0.001892 seconds.
  path: Assets/Scripts/Player/PlayerStat.cs
  artifactKey: Guid(37f5897e95a3f3f47a8ed3a0b0f09dee) Importer(815301076,1909f56bfc062723c751e8b465ee728b)
Start importing Assets/Scripts/Player/PlayerStat.cs using Guid(37f5897e95a3f3f47a8ed3a0b0f09dee) Importer(815301076,1909f56bfc062723c751e8b465ee728b)  -> (artifact id: 'e851ec4c0b4328ac2f1d0d8ad3269dbe') in 0.002676 seconds 
  Import took 0.006100 seconds .

========================================================================
Received Import Request.
  Time since last request: 89.953125 seconds.
  path: Assets/Scripts/Player/PlayerInteract.cs
  artifactKey: Guid(f2b9237dd7fdd3b4abe920f2acea218d) Importer(815301076,1909f56bfc062723c751e8b465ee728b)
Start importing Assets/Scripts/Player/PlayerInteract.cs using Guid(f2b9237dd7fdd3b4abe920f2acea218d) Importer(815301076,1909f56bfc062723c751e8b465ee728b)  -> (artifact id: '661aed1ad2e60577a05ca89bb656cef4') in 0.002792 seconds 
  Import took 0.006371 seconds .

========================================================================
Received Import Request.
  Time since last request: 27.060499 seconds.
  path: Assets/Scenes/Stage1.unity
  artifactKey: Guid(2cda990e2423bbf4892e6590ba056729) Importer(815301076,1909f56bfc062723c751e8b465ee728b)
Start importing Assets/Scenes/Stage1.unity using Guid(2cda990e2423bbf4892e6590ba056729) Importer(815301076,1909f56bfc062723c751e8b465ee728b)  -> (artifact id: 'd2dc3ae914d18ed7da840d8b83fe9fd7') in 0.010846 seconds 
  Import took 0.014347 seconds .

========================================================================
Received Prepare
Registering precompiled user dll's ...
Registered in 0.006806 seconds.
Begin MonoManager ReloadAssembly
Native extension for WindowsStandalone target not found
Refreshing native plugins compatible for Editor in 0.48 ms, found 3 plugins.
Preloading 0 native plugins for Editor in 0.00 ms.
Mono: successfully reloaded assembly
- Completed reload, in  1.102 seconds
Platform modules already initialized, skipping
Refreshing native plugins compatible for Editor in 0.46 ms, found 3 plugins.
Preloading 0 native plugins for Editor in 0.00 ms.
Unloading 2243 Unused Serialized files (Serialized files now loaded: 0)
System memory in use before: 103.8 MB.
System memory in use after: 104.0 MB.

Unloading 18 unused Assets to reduce memory usage. Loaded Objects now: 2743.
Total: 2.143000 ms (FindLiveObjects: 0.202400 ms CreateObjectMapping: 0.096000 ms MarkObjects: 1.827000 ms  DeleteObjects: 0.016600 ms)

AssetImportParameters requested are different than current active one (requested -> active):
  custom:framework-win-MediaFoundation: 216162199b28c13a410421893ffa2e32 -> 
  custom:video-decoder-ogg-theora: a1e56fd34408186e4bbccfd4996cb3dc -> 
  custom:container-muxer-webm: aa71ff27fc2769a1b78a27578f13a17b -> 
  custom:container-demuxer-webm: 4f35f7cbe854078d1ac9338744f61a02 -> 
  custom:container-demuxer-ogg: 62fdf1f143b41e24485cea50d1cbac27 -> 
  custom:video-encoder-webm-vp8: eb34c28f22e8b96e1ab97ce403110664 -> 
  custom:video-decoder-webm-vp8: 9c59270c3fd7afecdb556c50c9e8de78 -> 
  custom:audio-decoder-ogg-vorbis: bf7c407c2cedff20999df2af8eb42d56 -> 
  custom:audio-encoder-webm-vorbis: bf7c407c2cedff20999df2af8eb42d56 -> 
========================================================================
Received Import Request.
  Time since last request: 118.909160 seconds.
  path: Assets/Scenes/GameOverSettings.lighting
  artifactKey: Guid(107834317dae9414786d247553fc4232) Importer(815301076,1909f56bfc062723c751e8b465ee728b)
Start importing Assets/Scenes/GameOverSettings.lighting using Guid(107834317dae9414786d247553fc4232) Importer(815301076,1909f56bfc062723c751e8b465ee728b)  -> (artifact id: 'f4ca5eab50e67341093c376f02cb7d89') in 0.017196 seconds 
  Import took 0.020853 seconds .

========================================================================
Received Import Request.
  Time since last request: 0.014061 seconds.
  path: Assets/Scenes/GameOverSettings.lighting
  artifactKey: Guid(107834317dae9414786d247553fc4232) Importer(815301076,1909f56bfc062723c751e8b465ee728b)
Start importing Assets/Scenes/GameOverSettings.lighting using Guid(107834317dae9414786d247553fc4232) Importer(815301076,1909f56bfc062723c751e8b465ee728b)  -> (artifact id: 'f4ca5eab50e67341093c376f02cb7d89') in 0.002991 seconds 
  Import took 0.006497 seconds .

========================================================================
Received Import Request.
  Time since last request: 0.544571 seconds.
  path: Assets/Scenes/GameOver.unity
  artifactKey: Guid(52209c2c95ceb5b4b91744c29f9763b3) Importer(815301076,1909f56bfc062723c751e8b465ee728b)
Start importing Assets/Scenes/GameOver.unity using Guid(52209c2c95ceb5b4b91744c29f9763b3) Importer(815301076,1909f56bfc062723c751e8b465ee728b)  -> (artifact id: '1a8d56837c8b90b628b31bd876ab0af2') in 0.002924 seconds 
  Import took 0.006614 seconds .

========================================================================
Received Prepare
Registering precompiled user dll's ...
Registered in 0.006612 seconds.
Begin MonoManager ReloadAssembly
Native extension for WindowsStandalone target not found
Refreshing native plugins compatible for Editor in 0.45 ms, found 3 plugins.
Preloading 0 native plugins for Editor in 0.00 ms.
Mono: successfully reloaded assembly
- Completed reload, in  1.202 seconds
Platform modules already initialized, skipping
Refreshing native plugins compatible for Editor in 0.52 ms, found 3 plugins.
Preloading 0 native plugins for Editor in 0.00 ms.
Unloading 2243 Unused Serialized files (Serialized files now loaded: 0)
System memory in use before: 103.8 MB.
System memory in use after: 104.0 MB.

Unloading 18 unused Assets to reduce memory usage. Loaded Objects now: 2746.
Total: 2.309400 ms (FindLiveObjects: 0.220000 ms CreateObjectMapping: 0.108400 ms MarkObjects: 1.963600 ms  DeleteObjects: 0.016300 ms)

AssetImportParameters requested are different than current active one (requested -> active):
  custom:framework-win-MediaFoundation: 216162199b28c13a410421893ffa2e32 -> 
  custom:video-decoder-ogg-theora: a1e56fd34408186e4bbccfd4996cb3dc -> 
  custom:container-muxer-webm: aa71ff27fc2769a1b78a27578f13a17b -> 
  custom:container-demuxer-webm: 4f35f7cbe854078d1ac9338744f61a02 -> 
  custom:container-demuxer-ogg: 62fdf1f143b41e24485cea50d1cbac27 -> 
  custom:video-encoder-webm-vp8: eb34c28f22e8b96e1ab97ce403110664 -> 
  custom:video-decoder-webm-vp8: 9c59270c3fd7afecdb556c50c9e8de78 -> 
  custom:audio-decoder-ogg-vorbis: bf7c407c2cedff20999df2af8eb42d56 -> 
  custom:audio-encoder-webm-vorbis: bf7c407c2cedff20999df2af8eb42d56 -> 
========================================================================
Received Import Request.
  Time since last request: 240.621423 seconds.
  path: Assets/Sprites/UI
  artifactKey: Guid(4299d58ac273bea4c8a2c4adc4066292) Importer(815301076,1909f56bfc062723c751e8b465ee728b)
Start importing Assets/Sprites/UI using Guid(4299d58ac273bea4c8a2c4adc4066292) Importer(815301076,1909f56bfc062723c751e8b465ee728b)  -> (artifact id: 'dff090a48463e542bef54c3bcda14a17') in 0.007134 seconds 
  Import took 0.011192 seconds .

========================================================================
Received Import Request.
  Time since last request: 10.120268 seconds.
  path: Assets/Sprites/UI/ui_return.png
  artifactKey: Guid(2e807e15422b5464889daf775c56cbe8) Importer(815301076,1909f56bfc062723c751e8b465ee728b)
Start importing Assets/Sprites/UI/ui_return.png using Guid(2e807e15422b5464889daf775c56cbe8) Importer(815301076,1909f56bfc062723c751e8b465ee728b)  -> (artifact id: 'd84afc4bd88726782f14c401cfec4aac') in 0.054171 seconds 
  Import took 0.058014 seconds .

========================================================================
Received Import Request.
  Time since last request: 0.000285 seconds.
  path: Assets/Sprites/monster/Wolf_faced/wolf_faced_0.png
  artifactKey: Guid(e3035ffed761009419db4c40abf54ffd) Importer(815301076,1909f56bfc062723c751e8b465ee728b)
Start importing Assets/Sprites/monster/Wolf_faced/wolf_faced_0.png using Guid(e3035ffed761009419db4c40abf54ffd) Importer(815301076,1909f56bfc062723c751e8b465ee728b)  -> (artifact id: '0cc806ba5f733c9e4ccaba9c1b5840da') in 0.013911 seconds 
  Import took 0.017301 seconds .

========================================================================
Received Import Request.
  Time since last request: 0.000311 seconds.
  path: Assets/Sprites/UI/ui_retry.png
  artifactKey: Guid(f5e03b56efdf6bc4f8b3fbd520e70218) Importer(815301076,1909f56bfc062723c751e8b465ee728b)
Start importing Assets/Sprites/UI/ui_retry.png using Guid(f5e03b56efdf6bc4f8b3fbd520e70218) Importer(815301076,1909f56bfc062723c751e8b465ee728b)  -> (artifact id: '399a066f723f5a81b441a71e3060572d') in 0.007790 seconds 
  Import took 0.011359 seconds .

========================================================================
Received Import Request.
  Time since last request: 265.767991 seconds.
  path: Assets/Sprites/UI/bg_gameover.png
  artifactKey: Guid(69712a50ae3401247bf171bc7c996d31) Importer(815301076,1909f56bfc062723c751e8b465ee728b)
Start importing Assets/Sprites/UI/bg_gameover.png using Guid(69712a50ae3401247bf171bc7c996d31) Importer(815301076,1909f56bfc062723c751e8b465ee728b)  -> (artifact id: '3d16781b9fb381b862f21566d19aec68') in 0.012856 seconds 
  Import took 0.017339 seconds .

========================================================================
Received Import Request.
  Time since last request: 396.391929 seconds.
  path: Assets/Scripts/Triggers/Title.cs
  artifactKey: Guid(891dbc99bd5e8a4489725627a2176e86) Importer(815301076,1909f56bfc062723c751e8b465ee728b)
Start importing Assets/Scripts/Triggers/Title.cs using Guid(891dbc99bd5e8a4489725627a2176e86) Importer(815301076,1909f56bfc062723c751e8b465ee728b)  -> (artifact id: 'ec4ba45a20fd808a62ca75b5728bdcaa') in 0.002766 seconds 
  Import took 0.006777 seconds .

========================================================================
Received Import Request.
  Time since last request: 9.412073 seconds.
  path: Assets/Scripts/Triggers/Stage1OverTrigger.cs
  artifactKey: Guid(fc4afae17227efc49ab645cedc113836) Importer(815301076,1909f56bfc062723c751e8b465ee728b)
Start importing Assets/Scripts/Triggers/Stage1OverTrigger.cs using Guid(fc4afae17227efc49ab645cedc113836) Importer(815301076,1909f56bfc062723c751e8b465ee728b)  -> (artifact id: 'd870d9db995091175f1fad9ee645f95e') in 0.002685 seconds 
  Import took 0.006146 seconds .

========================================================================
Received Import Request.
  Time since last request: 14.392371 seconds.
  path: Assets/Scripts/Triggers/BossEnterTrigger.cs
  artifactKey: Guid(d3dbd917887246b45a282397a85a7ecf) Importer(815301076,1909f56bfc062723c751e8b465ee728b)
Start importing Assets/Scripts/Triggers/BossEnterTrigger.cs using Guid(d3dbd917887246b45a282397a85a7ecf) Importer(815301076,1909f56bfc062723c751e8b465ee728b)  -> (artifact id: '0691020e6e0e736d962df17b164ae40d') in 0.003199 seconds 
  Import took 0.006686 seconds .

========================================================================
Received Import Request.
  Time since last request: 0.000976 seconds.
  path: Assets/Scripts/Triggers/BossEnterTrigger.cs
  artifactKey: Guid(d3dbd917887246b45a282397a85a7ecf) Importer(815301076,1909f56bfc062723c751e8b465ee728b)
Start importing Assets/Scripts/Triggers/BossEnterTrigger.cs using Guid(d3dbd917887246b45a282397a85a7ecf) Importer(815301076,1909f56bfc062723c751e8b465ee728b)  -> (artifact id: '0691020e6e0e736d962df17b164ae40d') in 0.002258 seconds 
  Import took 0.005590 seconds .

========================================================================
Received Import Request.
  Time since last request: 36.999540 seconds.
  path: Assets/Scripts/Triggers/GameOverManager.cs
  artifactKey: Guid(c09235fac8e74ff49938aa6d84e36e88) Importer(815301076,1909f56bfc062723c751e8b465ee728b)
Start importing Assets/Scripts/Triggers/GameOverManager.cs using Guid(c09235fac8e74ff49938aa6d84e36e88) Importer(815301076,1909f56bfc062723c751e8b465ee728b)  -> (artifact id: '9f958d9995c04e914392abc2a3c8dadb') in 0.002673 seconds 
  Import took 0.006753 seconds .

========================================================================
Received Prepare
Registering precompiled user dll's ...
Registered in 0.008031 seconds.
Begin MonoManager ReloadAssembly
Native extension for WindowsStandalone target not found
Refreshing native plugins compatible for Editor in 0.46 ms, found 3 plugins.
Preloading 0 native plugins for Editor in 0.00 ms.
Mono: successfully reloaded assembly
- Completed reload, in  1.172 seconds
Platform modules already initialized, skipping
Refreshing native plugins compatible for Editor in 0.43 ms, found 3 plugins.
Preloading 0 native plugins for Editor in 0.00 ms.
Unloading 2244 Unused Serialized files (Serialized files now loaded: 0)
System memory in use before: 103.9 MB.
System memory in use after: 104.1 MB.

Unloading 18 unused Assets to reduce memory usage. Loaded Objects now: 2757.
Total: 2.295100 ms (FindLiveObjects: 0.196500 ms CreateObjectMapping: 0.087800 ms MarkObjects: 1.993400 ms  DeleteObjects: 0.016300 ms)

AssetImportParameters requested are different than current active one (requested -> active):
  custom:framework-win-MediaFoundation: 216162199b28c13a410421893ffa2e32 -> 
  custom:video-decoder-ogg-theora: a1e56fd34408186e4bbccfd4996cb3dc -> 
  custom:container-muxer-webm: aa71ff27fc2769a1b78a27578f13a17b -> 
  custom:container-demuxer-webm: 4f35f7cbe854078d1ac9338744f61a02 -> 
  custom:container-demuxer-ogg: 62fdf1f143b41e24485cea50d1cbac27 -> 
  custom:video-encoder-webm-vp8: eb34c28f22e8b96e1ab97ce403110664 -> 
  custom:video-decoder-webm-vp8: 9c59270c3fd7afecdb556c50c9e8de78 -> 
  custom:audio-decoder-ogg-vorbis: bf7c407c2cedff20999df2af8eb42d56 -> 
  custom:audio-encoder-webm-vorbis: bf7c407c2cedff20999df2af8eb42d56 -> 
========================================================================
Received Import Request.
  Time since last request: 58.123437 seconds.
  path: Assets/Scenes/GameOver.unity
  artifactKey: Guid(52209c2c95ceb5b4b91744c29f9763b3) Importer(815301076,1909f56bfc062723c751e8b465ee728b)
Start importing Assets/Scenes/GameOver.unity using Guid(52209c2c95ceb5b4b91744c29f9763b3) Importer(815301076,1909f56bfc062723c751e8b465ee728b)  -> (artifact id: 'f623d145e51d741b8c5e886c2bfeeb1e') in 0.013056 seconds 
  Import took 0.016537 seconds .

========================================================================
Received Import Request.
  Time since last request: 240.343176 seconds.
  path: Assets/Sprites/UI/ui_retry.png
  artifactKey: Guid(f5e03b56efdf6bc4f8b3fbd520e70218) Importer(815301076,1909f56bfc062723c751e8b465ee728b)
Start importing Assets/Sprites/UI/ui_retry.png using Guid(f5e03b56efdf6bc4f8b3fbd520e70218) Importer(815301076,1909f56bfc062723c751e8b465ee728b)  -> (artifact id: 'c1bcba9e2d13ef3b460928a52b9b37a4') in 0.044399 seconds 
  Import took 0.048183 seconds .

========================================================================
Received Import Request.
  Time since last request: 0.000273 seconds.
  path: Assets/Sprites/UI/ui_return.png
  artifactKey: Guid(2e807e15422b5464889daf775c56cbe8) Importer(815301076,1909f56bfc062723c751e8b465ee728b)
Start importing Assets/Sprites/UI/ui_return.png using Guid(2e807e15422b5464889daf775c56cbe8) Importer(815301076,1909f56bfc062723c751e8b465ee728b)  -> (artifact id: 'c187e2db2db3f2cf4a4861d9fb41b781') in 0.009387 seconds 
  Import took 0.013044 seconds .

========================================================================
Received Import Request.
  Time since last request: 0.000405 seconds.
  path: Assets/Sprites/UI/ui_retry.png
  artifactKey: Guid(f5e03b56efdf6bc4f8b3fbd520e70218) Importer(815301076,1909f56bfc062723c751e8b465ee728b)
Start importing Assets/Sprites/UI/ui_retry.png using Guid(f5e03b56efdf6bc4f8b3fbd520e70218) Importer(815301076,1909f56bfc062723c751e8b465ee728b)  -> (artifact id: 'c1bcba9e2d13ef3b460928a52b9b37a4') in 0.011220 seconds 
  Import took 0.014644 seconds .

========================================================================
Received Prepare
Registering precompiled user dll's ...
Registered in 0.006365 seconds.
Begin MonoManager ReloadAssembly
Native extension for WindowsStandalone target not found
Refreshing native plugins compatible for Editor in 0.45 ms, found 3 plugins.
Preloading 0 native plugins for Editor in 0.00 ms.
Mono: successfully reloaded assembly
- Completed reload, in  1.138 seconds
Platform modules already initialized, skipping
Refreshing native plugins compatible for Editor in 0.44 ms, found 3 plugins.
Preloading 0 native plugins for Editor in 0.00 ms.
Unloading 2244 Unused Serialized files (Serialized files now loaded: 0)
System memory in use before: 103.9 MB.
System memory in use after: 104.1 MB.

Unloading 18 unused Assets to reduce memory usage. Loaded Objects now: 2761.
Total: 2.357600 ms (FindLiveObjects: 0.197700 ms CreateObjectMapping: 0.088900 ms MarkObjects: 2.050800 ms  DeleteObjects: 0.019200 ms)

AssetImportParameters requested are different than current active one (requested -> active):
  custom:framework-win-MediaFoundation: 216162199b28c13a410421893ffa2e32 -> 
  custom:video-decoder-ogg-theora: a1e56fd34408186e4bbccfd4996cb3dc -> 
  custom:container-muxer-webm: aa71ff27fc2769a1b78a27578f13a17b -> 
  custom:container-demuxer-webm: 4f35f7cbe854078d1ac9338744f61a02 -> 
  custom:container-demuxer-ogg: 62fdf1f143b41e24485cea50d1cbac27 -> 
  custom:video-encoder-webm-vp8: eb34c28f22e8b96e1ab97ce403110664 -> 
  custom:video-decoder-webm-vp8: 9c59270c3fd7afecdb556c50c9e8de78 -> 
  custom:audio-decoder-ogg-vorbis: bf7c407c2cedff20999df2af8eb42d56 -> 
  custom:audio-encoder-webm-vorbis: bf7c407c2cedff20999df2af8eb42d56 -> 
========================================================================
Received Prepare
Registering precompiled user dll's ...
Registered in 0.006417 seconds.
Begin MonoManager ReloadAssembly
Native extension for WindowsStandalone target not found
Refreshing native plugins compatible for Editor in 0.54 ms, found 3 plugins.
Preloading 0 native plugins for Editor in 0.00 ms.
Mono: successfully reloaded assembly
- Completed reload, in  1.120 seconds
Platform modules already initialized, skipping
Refreshing native plugins compatible for Editor in 0.45 ms, found 3 plugins.
Preloading 0 native plugins for Editor in 0.00 ms.
Unloading 2244 Unused Serialized files (Serialized files now loaded: 0)
System memory in use before: 103.9 MB.
System memory in use after: 104.1 MB.

Unloading 18 unused Assets to reduce memory usage. Loaded Objects now: 2764.
Total: 2.216800 ms (FindLiveObjects: 0.190600 ms CreateObjectMapping: 0.088100 ms MarkObjects: 1.921500 ms  DeleteObjects: 0.015400 ms)

AssetImportParameters requested are different than current active one (requested -> active):
  custom:framework-win-MediaFoundation: 216162199b28c13a410421893ffa2e32 -> 
  custom:video-decoder-ogg-theora: a1e56fd34408186e4bbccfd4996cb3dc -> 
  custom:container-muxer-webm: aa71ff27fc2769a1b78a27578f13a17b -> 
  custom:container-demuxer-webm: 4f35f7cbe854078d1ac9338744f61a02 -> 
  custom:container-demuxer-ogg: 62fdf1f143b41e24485cea50d1cbac27 -> 
  custom:video-encoder-webm-vp8: eb34c28f22e8b96e1ab97ce403110664 -> 
  custom:video-decoder-webm-vp8: 9c59270c3fd7afecdb556c50c9e8de78 -> 
  custom:audio-decoder-ogg-vorbis: bf7c407c2cedff20999df2af8eb42d56 -> 
  custom:audio-encoder-webm-vorbis: bf7c407c2cedff20999df2af8eb42d56 -> 
========================================================================
Received Import Request.
  Time since last request: 482.108924 seconds.
  path: Assets/Scripts/Player/PlayerItem.cs
  artifactKey: Guid(02927ae002f4ca245b7bb194b4e8d848) Importer(815301076,1909f56bfc062723c751e8b465ee728b)
Start importing Assets/Scripts/Player/PlayerItem.cs using Guid(02927ae002f4ca245b7bb194b4e8d848) Importer(815301076,1909f56bfc062723c751e8b465ee728b)  -> (artifact id: 'aba6b71e0391963d49819a56adb8774b') in 0.005999 seconds 
  Import took 0.009721 seconds .

========================================================================
Received Import Request.
  Time since last request: 0.001376 seconds.
  path: Assets/Scripts/Player/PlayerItem.cs
  artifactKey: Guid(02927ae002f4ca245b7bb194b4e8d848) Importer(815301076,1909f56bfc062723c751e8b465ee728b)
Start importing Assets/Scripts/Player/PlayerItem.cs using Guid(02927ae002f4ca245b7bb194b4e8d848) Importer(815301076,1909f56bfc062723c751e8b465ee728b)  -> (artifact id: 'aba6b71e0391963d49819a56adb8774b') in 0.002554 seconds 
  Import took 0.005970 seconds .

========================================================================
Received Import Request.
  Time since last request: 0.958552 seconds.
  path: Assets/Scripts/Player/PlayerMovement.cs
  artifactKey: Guid(0e04e801fecb4944dae1fb2c3f82a451) Importer(815301076,1909f56bfc062723c751e8b465ee728b)
Start importing Assets/Scripts/Player/PlayerMovement.cs using Guid(0e04e801fecb4944dae1fb2c3f82a451) Importer(815301076,1909f56bfc062723c751e8b465ee728b)  -> (artifact id: 'f7ed306141330351a52174ceda5134f0') in 0.002607 seconds 
  Import took 0.006039 seconds .

========================================================================
Received Prepare
Registering precompiled user dll's ...
Registered in 0.006720 seconds.
Begin MonoManager ReloadAssembly
Native extension for WindowsStandalone target not found
Refreshing native plugins compatible for Editor in 0.45 ms, found 3 plugins.
Preloading 0 native plugins for Editor in 0.00 ms.
Mono: successfully reloaded assembly
- Completed reload, in  1.080 seconds
Platform modules already initialized, skipping
Refreshing native plugins compatible for Editor in 0.43 ms, found 3 plugins.
Preloading 0 native plugins for Editor in 0.00 ms.
Unloading 2244 Unused Serialized files (Serialized files now loaded: 0)
System memory in use before: 103.9 MB.
System memory in use after: 104.2 MB.

Unloading 18 unused Assets to reduce memory usage. Loaded Objects now: 2767.
Total: 3.392000 ms (FindLiveObjects: 0.515900 ms CreateObjectMapping: 0.465200 ms MarkObjects: 2.392000 ms  DeleteObjects: 0.017900 ms)

AssetImportParameters requested are different than current active one (requested -> active):
  custom:framework-win-MediaFoundation: 216162199b28c13a410421893ffa2e32 -> 
  custom:video-decoder-ogg-theora: a1e56fd34408186e4bbccfd4996cb3dc -> 
  custom:container-muxer-webm: aa71ff27fc2769a1b78a27578f13a17b -> 
  custom:container-demuxer-webm: 4f35f7cbe854078d1ac9338744f61a02 -> 
  custom:container-demuxer-ogg: 62fdf1f143b41e24485cea50d1cbac27 -> 
  custom:video-encoder-webm-vp8: eb34c28f22e8b96e1ab97ce403110664 -> 
  custom:video-decoder-webm-vp8: 9c59270c3fd7afecdb556c50c9e8de78 -> 
  custom:audio-decoder-ogg-vorbis: bf7c407c2cedff20999df2af8eb42d56 -> 
  custom:audio-encoder-webm-vorbis: bf7c407c2cedff20999df2af8eb42d56 -> 
========================================================================
Received Prepare
Registering precompiled user dll's ...
Registered in 0.006284 seconds.
Begin MonoManager ReloadAssembly
Native extension for WindowsStandalone target not found
Refreshing native plugins compatible for Editor in 0.47 ms, found 3 plugins.
Preloading 0 native plugins for Editor in 0.00 ms.
Mono: successfully reloaded assembly
- Completed reload, in  1.120 seconds
Platform modules already initialized, skipping
Refreshing native plugins compatible for Editor in 0.43 ms, found 3 plugins.
Preloading 0 native plugins for Editor in 0.00 ms.
Unloading 2244 Unused Serialized files (Serialized files now loaded: 0)
System memory in use before: 103.9 MB.
System memory in use after: 104.1 MB.

Unloading 18 unused Assets to reduce memory usage. Loaded Objects now: 2770.
Total: 2.547700 ms (FindLiveObjects: 0.221100 ms CreateObjectMapping: 0.105600 ms MarkObjects: 2.201500 ms  DeleteObjects: 0.018000 ms)

AssetImportParameters requested are different than current active one (requested -> active):
  custom:framework-win-MediaFoundation: 216162199b28c13a410421893ffa2e32 -> 
  custom:video-decoder-ogg-theora: a1e56fd34408186e4bbccfd4996cb3dc -> 
  custom:container-muxer-webm: aa71ff27fc2769a1b78a27578f13a17b -> 
  custom:container-demuxer-webm: 4f35f7cbe854078d1ac9338744f61a02 -> 
  custom:container-demuxer-ogg: 62fdf1f143b41e24485cea50d1cbac27 -> 
  custom:video-encoder-webm-vp8: eb34c28f22e8b96e1ab97ce403110664 -> 
  custom:video-decoder-webm-vp8: 9c59270c3fd7afecdb556c50c9e8de78 -> 
  custom:audio-decoder-ogg-vorbis: bf7c407c2cedff20999df2af8eb42d56 -> 
  custom:audio-encoder-webm-vorbis: bf7c407c2cedff20999df2af8eb42d56 -> 
========================================================================
Received Prepare
Registering precompiled user dll's ...
Registered in 0.006428 seconds.
Begin MonoManager ReloadAssembly
Native extension for WindowsStandalone target not found
Refreshing native plugins compatible for Editor in 0.45 ms, found 3 plugins.
Preloading 0 native plugins for Editor in 0.00 ms.
Mono: successfully reloaded assembly
- Completed reload, in  1.110 seconds
Platform modules already initialized, skipping
Refreshing native plugins compatible for Editor in 0.44 ms, found 3 plugins.
Preloading 0 native plugins for Editor in 0.00 ms.
Unloading 2244 Unused Serialized files (Serialized files now loaded: 0)
System memory in use before: 104.0 MB.
System memory in use after: 104.2 MB.

Unloading 18 unused Assets to reduce memory usage. Loaded Objects now: 2773.
Total: 2.208900 ms (FindLiveObjects: 0.209100 ms CreateObjectMapping: 0.100100 ms MarkObjects: 1.882200 ms  DeleteObjects: 0.015900 ms)

AssetImportParameters requested are different than current active one (requested -> active):
  custom:framework-win-MediaFoundation: 216162199b28c13a410421893ffa2e32 -> 
  custom:video-decoder-ogg-theora: a1e56fd34408186e4bbccfd4996cb3dc -> 
  custom:container-muxer-webm: aa71ff27fc2769a1b78a27578f13a17b -> 
  custom:container-demuxer-webm: 4f35f7cbe854078d1ac9338744f61a02 -> 
  custom:container-demuxer-ogg: 62fdf1f143b41e24485cea50d1cbac27 -> 
  custom:video-encoder-webm-vp8: eb34c28f22e8b96e1ab97ce403110664 -> 
  custom:video-decoder-webm-vp8: 9c59270c3fd7afecdb556c50c9e8de78 -> 
  custom:audio-decoder-ogg-vorbis: bf7c407c2cedff20999df2af8eb42d56 -> 
  custom:audio-encoder-webm-vorbis: bf7c407c2cedff20999df2af8eb42d56 -> 
========================================================================
Received Prepare
Registering precompiled user dll's ...
Registered in 0.006472 seconds.
Begin MonoManager ReloadAssembly
Native extension for WindowsStandalone target not found
Refreshing native plugins compatible for Editor in 0.44 ms, found 3 plugins.
Preloading 0 native plugins for Editor in 0.00 ms.
Mono: successfully reloaded assembly
- Completed reload, in  1.121 seconds
Platform modules already initialized, skipping
Refreshing native plugins compatible for Editor in 0.46 ms, found 3 plugins.
Preloading 0 native plugins for Editor in 0.00 ms.
Unloading 2244 Unused Serialized files (Serialized files now loaded: 0)
System memory in use before: 104.0 MB.
System memory in use after: 104.2 MB.

Unloading 18 unused Assets to reduce memory usage. Loaded Objects now: 2776.
Total: 2.325100 ms (FindLiveObjects: 0.332700 ms CreateObjectMapping: 0.134000 ms MarkObjects: 1.839000 ms  DeleteObjects: 0.018200 ms)

AssetImportParameters requested are different than current active one (requested -> active):
  custom:framework-win-MediaFoundation: 216162199b28c13a410421893ffa2e32 -> 
  custom:video-decoder-ogg-theora: a1e56fd34408186e4bbccfd4996cb3dc -> 
  custom:container-muxer-webm: aa71ff27fc2769a1b78a27578f13a17b -> 
  custom:container-demuxer-webm: 4f35f7cbe854078d1ac9338744f61a02 -> 
  custom:container-demuxer-ogg: 62fdf1f143b41e24485cea50d1cbac27 -> 
  custom:video-encoder-webm-vp8: eb34c28f22e8b96e1ab97ce403110664 -> 
  custom:video-decoder-webm-vp8: 9c59270c3fd7afecdb556c50c9e8de78 -> 
  custom:audio-decoder-ogg-vorbis: bf7c407c2cedff20999df2af8eb42d56 -> 
  custom:audio-encoder-webm-vorbis: bf7c407c2cedff20999df2af8eb42d56 -> 
========================================================================
Received Prepare
Registering precompiled user dll's ...
Registered in 0.006308 seconds.
Begin MonoManager ReloadAssembly
Native extension for WindowsStandalone target not found
Refreshing native plugins compatible for Editor in 0.44 ms, found 3 plugins.
Preloading 0 native plugins for Editor in 0.00 ms.
Mono: successfully reloaded assembly
- Completed reload, in  1.100 seconds
Platform modules already initialized, skipping
Refreshing native plugins compatible for Editor in 0.43 ms, found 3 plugins.
Preloading 0 native plugins for Editor in 0.00 ms.
Unloading 2244 Unused Serialized files (Serialized files now loaded: 0)
System memory in use before: 104.0 MB.
System memory in use after: 104.2 MB.

Unloading 18 unused Assets to reduce memory usage. Loaded Objects now: 2779.
Total: 2.224800 ms (FindLiveObjects: 0.218200 ms CreateObjectMapping: 0.088200 ms MarkObjects: 1.901400 ms  DeleteObjects: 0.015800 ms)

AssetImportParameters requested are different than current active one (requested -> active):
  custom:framework-win-MediaFoundation: 216162199b28c13a410421893ffa2e32 -> 
  custom:video-decoder-ogg-theora: a1e56fd34408186e4bbccfd4996cb3dc -> 
  custom:container-muxer-webm: aa71ff27fc2769a1b78a27578f13a17b -> 
  custom:container-demuxer-webm: 4f35f7cbe854078d1ac9338744f61a02 -> 
  custom:container-demuxer-ogg: 62fdf1f143b41e24485cea50d1cbac27 -> 
  custom:video-encoder-webm-vp8: eb34c28f22e8b96e1ab97ce403110664 -> 
  custom:video-decoder-webm-vp8: 9c59270c3fd7afecdb556c50c9e8de78 -> 
  custom:audio-decoder-ogg-vorbis: bf7c407c2cedff20999df2af8eb42d56 -> 
  custom:audio-encoder-webm-vorbis: bf7c407c2cedff20999df2af8eb42d56 -> 
========================================================================
Received Import Request.
  Time since last request: 640.476414 seconds.
  path: Assets/Scripts/Monster/BossBulletHolder.cs
  artifactKey: Guid(5f7ec824720a6cd43b2e0ed257a75556) Importer(815301076,1909f56bfc062723c751e8b465ee728b)
Start importing Assets/Scripts/Monster/BossBulletHolder.cs using Guid(5f7ec824720a6cd43b2e0ed257a75556) Importer(815301076,1909f56bfc062723c751e8b465ee728b)  -> (artifact id: '57fbe02f3066846854b2b4fb0e658d3d') in 0.006196 seconds 
  Import took 0.010007 seconds .

========================================================================
Received Import Request.
  Time since last request: 0.001518 seconds.
  path: Assets/Scripts/Monster/BossBulletHolder.cs
  artifactKey: Guid(5f7ec824720a6cd43b2e0ed257a75556) Importer(815301076,1909f56bfc062723c751e8b465ee728b)
Start importing Assets/Scripts/Monster/BossBulletHolder.cs using Guid(5f7ec824720a6cd43b2e0ed257a75556) Importer(815301076,1909f56bfc062723c751e8b465ee728b)  -> (artifact id: '57fbe02f3066846854b2b4fb0e658d3d') in 0.002356 seconds 
  Import took 0.005749 seconds .

========================================================================
Received Import Request.
  Time since last request: 2.429988 seconds.
  path: Assets/Scripts/Monster/BossController.cs
  artifactKey: Guid(f122dd02d50cd3a49a78f72656736897) Importer(815301076,1909f56bfc062723c751e8b465ee728b)
Start importing Assets/Scripts/Monster/BossController.cs using Guid(f122dd02d50cd3a49a78f72656736897) Importer(815301076,1909f56bfc062723c751e8b465ee728b)  -> (artifact id: '26f414752a6a2377befaed5aeef44042') in 0.002756 seconds 
  Import took 0.006939 seconds .

========================================================================
Received Import Request.
  Time since last request: 0.001436 seconds.
  path: Assets/Scripts/Monster/BossController.cs
  artifactKey: Guid(f122dd02d50cd3a49a78f72656736897) Importer(815301076,1909f56bfc062723c751e8b465ee728b)
Start importing Assets/Scripts/Monster/BossController.cs using Guid(f122dd02d50cd3a49a78f72656736897) Importer(815301076,1909f56bfc062723c751e8b465ee728b)  -> (artifact id: '26f414752a6a2377befaed5aeef44042') in 0.002588 seconds 
  Import took 0.006086 seconds .

========================================================================
Received Prepare
Registering precompiled user dll's ...
Registered in 0.005690 seconds.
Begin MonoManager ReloadAssembly
Native extension for WindowsStandalone target not found
Refreshing native plugins compatible for Editor in 0.44 ms, found 3 plugins.
Preloading 0 native plugins for Editor in 0.00 ms.
Mono: successfully reloaded assembly
- Completed reload, in  1.091 seconds
Platform modules already initialized, skipping
Refreshing native plugins compatible for Editor in 0.44 ms, found 3 plugins.
Preloading 0 native plugins for Editor in 0.00 ms.
Unloading 2244 Unused Serialized files (Serialized files now loaded: 0)
System memory in use before: 104.0 MB.
System memory in use after: 104.2 MB.

Unloading 18 unused Assets to reduce memory usage. Loaded Objects now: 2782.
Total: 2.423400 ms (FindLiveObjects: 0.203900 ms CreateObjectMapping: 0.097300 ms MarkObjects: 2.002200 ms  DeleteObjects: 0.119100 ms)

AssetImportParameters requested are different than current active one (requested -> active):
  custom:framework-win-MediaFoundation: 216162199b28c13a410421893ffa2e32 -> 
  custom:video-decoder-ogg-theora: a1e56fd34408186e4bbccfd4996cb3dc -> 
  custom:container-muxer-webm: aa71ff27fc2769a1b78a27578f13a17b -> 
  custom:container-demuxer-webm: 4f35f7cbe854078d1ac9338744f61a02 -> 
  custom:container-demuxer-ogg: 62fdf1f143b41e24485cea50d1cbac27 -> 
  custom:video-encoder-webm-vp8: eb34c28f22e8b96e1ab97ce403110664 -> 
  custom:video-decoder-webm-vp8: 9c59270c3fd7afecdb556c50c9e8de78 -> 
  custom:audio-decoder-ogg-vorbis: bf7c407c2cedff20999df2af8eb42d56 -> 
  custom:audio-encoder-webm-vorbis: bf7c407c2cedff20999df2af8eb42d56 -> 
========================================================================
Received Prepare
Registering precompiled user dll's ...
Registered in 0.005834 seconds.
Begin MonoManager ReloadAssembly
Native extension for WindowsStandalone target not found
Refreshing native plugins compatible for Editor in 0.45 ms, found 3 plugins.
Preloading 0 native plugins for Editor in 0.00 ms.
Mono: successfully reloaded assembly
- Completed reload, in  1.104 seconds
Platform modules already initialized, skipping
Refreshing native plugins compatible for Editor in 0.43 ms, found 3 plugins.
Preloading 0 native plugins for Editor in 0.00 ms.
Unloading 2244 Unused Serialized files (Serialized files now loaded: 0)
System memory in use before: 103.9 MB.
System memory in use after: 104.1 MB.

Unloading 18 unused Assets to reduce memory usage. Loaded Objects now: 2785.
Total: 2.101400 ms (FindLiveObjects: 0.205700 ms CreateObjectMapping: 0.097200 ms MarkObjects: 1.782300 ms  DeleteObjects: 0.015100 ms)

AssetImportParameters requested are different than current active one (requested -> active):
  custom:framework-win-MediaFoundation: 216162199b28c13a410421893ffa2e32 -> 
  custom:video-decoder-ogg-theora: a1e56fd34408186e4bbccfd4996cb3dc -> 
  custom:container-muxer-webm: aa71ff27fc2769a1b78a27578f13a17b -> 
  custom:container-demuxer-webm: 4f35f7cbe854078d1ac9338744f61a02 -> 
  custom:container-demuxer-ogg: 62fdf1f143b41e24485cea50d1cbac27 -> 
  custom:video-encoder-webm-vp8: eb34c28f22e8b96e1ab97ce403110664 -> 
  custom:video-decoder-webm-vp8: 9c59270c3fd7afecdb556c50c9e8de78 -> 
  custom:audio-decoder-ogg-vorbis: bf7c407c2cedff20999df2af8eb42d56 -> 
  custom:audio-encoder-webm-vorbis: bf7c407c2cedff20999df2af8eb42d56 -> 
========================================================================
Received Import Request.
  Time since last request: 597.964598 seconds.
  path: Assets/Sprites/UI/bg_default.png
  artifactKey: Guid(763a67fa1cfb67147a243122d8879ccd) Importer(815301076,1909f56bfc062723c751e8b465ee728b)
Start importing Assets/Sprites/UI/bg_default.png using Guid(763a67fa1cfb67147a243122d8879ccd) Importer(815301076,1909f56bfc062723c751e8b465ee728b)  -> (artifact id: '8ac1f61482dc8b24ec8ef71f161475bb') in 0.048649 seconds 
  Import took 0.052144 seconds .

========================================================================
Received Import Request.
  Time since last request: 0.000683 seconds.
  path: Assets/Sprites/UI/bg_default.png
  artifactKey: Guid(763a67fa1cfb67147a243122d8879ccd) Importer(815301076,1909f56bfc062723c751e8b465ee728b)
Start importing Assets/Sprites/UI/bg_default.png using Guid(763a67fa1cfb67147a243122d8879ccd) Importer(815301076,1909f56bfc062723c751e8b465ee728b)  -> (artifact id: '8ac1f61482dc8b24ec8ef71f161475bb') in 0.008155 seconds 
  Import took 0.011442 seconds .

========================================================================
Received Prepare
Registering precompiled user dll's ...
Registered in 0.005963 seconds.
Begin MonoManager ReloadAssembly
Native extension for WindowsStandalone target not found
Refreshing native plugins compatible for Editor in 0.56 ms, found 3 plugins.
Preloading 0 native plugins for Editor in 0.00 ms.
Mono: successfully reloaded assembly
- Completed reload, in  1.083 seconds
Platform modules already initialized, skipping
Refreshing native plugins compatible for Editor in 0.46 ms, found 3 plugins.
Preloading 0 native plugins for Editor in 0.00 ms.
Unloading 2244 Unused Serialized files (Serialized files now loaded: 0)
System memory in use before: 104.0 MB.
System memory in use after: 104.2 MB.

Unloading 18 unused Assets to reduce memory usage. Loaded Objects now: 2789.
Total: 2.433600 ms (FindLiveObjects: 0.195900 ms CreateObjectMapping: 0.086400 ms MarkObjects: 2.134000 ms  DeleteObjects: 0.016200 ms)

AssetImportParameters requested are different than current active one (requested -> active):
  custom:framework-win-MediaFoundation: 216162199b28c13a410421893ffa2e32 -> 
  custom:video-decoder-ogg-theora: a1e56fd34408186e4bbccfd4996cb3dc -> 
  custom:container-muxer-webm: aa71ff27fc2769a1b78a27578f13a17b -> 
  custom:container-demuxer-webm: 4f35f7cbe854078d1ac9338744f61a02 -> 
  custom:container-demuxer-ogg: 62fdf1f143b41e24485cea50d1cbac27 -> 
  custom:video-encoder-webm-vp8: eb34c28f22e8b96e1ab97ce403110664 -> 
  custom:video-decoder-webm-vp8: 9c59270c3fd7afecdb556c50c9e8de78 -> 
  custom:audio-decoder-ogg-vorbis: bf7c407c2cedff20999df2af8eb42d56 -> 
  custom:audio-encoder-webm-vorbis: bf7c407c2cedff20999df2af8eb42d56 -> 
========================================================================
Received Prepare
Registering precompiled user dll's ...
Registered in 0.005601 seconds.
Begin MonoManager ReloadAssembly
Native extension for WindowsStandalone target not found
Refreshing native plugins compatible for Editor in 0.45 ms, found 3 plugins.
Preloading 0 native plugins for Editor in 0.00 ms.
Mono: successfully reloaded assembly
- Completed reload, in  1.118 seconds
Platform modules already initialized, skipping
Refreshing native plugins compatible for Editor in 0.44 ms, found 3 plugins.
Preloading 0 native plugins for Editor in 0.00 ms.
Unloading 2244 Unused Serialized files (Serialized files now loaded: 0)
System memory in use before: 104.0 MB.
System memory in use after: 104.2 MB.

Unloading 18 unused Assets to reduce memory usage. Loaded Objects now: 2792.
Total: 2.318100 ms (FindLiveObjects: 0.197000 ms CreateObjectMapping: 0.086500 ms MarkObjects: 2.018500 ms  DeleteObjects: 0.015100 ms)

AssetImportParameters requested are different than current active one (requested -> active):
  custom:framework-win-MediaFoundation: 216162199b28c13a410421893ffa2e32 -> 
  custom:video-decoder-ogg-theora: a1e56fd34408186e4bbccfd4996cb3dc -> 
  custom:container-muxer-webm: aa71ff27fc2769a1b78a27578f13a17b -> 
  custom:container-demuxer-webm: 4f35f7cbe854078d1ac9338744f61a02 -> 
  custom:container-demuxer-ogg: 62fdf1f143b41e24485cea50d1cbac27 -> 
  custom:video-encoder-webm-vp8: eb34c28f22e8b96e1ab97ce403110664 -> 
  custom:video-decoder-webm-vp8: 9c59270c3fd7afecdb556c50c9e8de78 -> 
  custom:audio-decoder-ogg-vorbis: bf7c407c2cedff20999df2af8eb42d56 -> 
  custom:audio-encoder-webm-vorbis: bf7c407c2cedff20999df2af8eb42d56 -> 
========================================================================
Received Prepare
Registering precompiled user dll's ...
Registered in 0.005741 seconds.
Begin MonoManager ReloadAssembly
Native extension for WindowsStandalone target not found
Refreshing native plugins compatible for Editor in 0.45 ms, found 3 plugins.
Preloading 0 native plugins for Editor in 0.00 ms.
Mono: successfully reloaded assembly
- Completed reload, in  1.094 seconds
Platform modules already initialized, skipping
Refreshing native plugins compatible for Editor in 0.44 ms, found 3 plugins.
Preloading 0 native plugins for Editor in 0.00 ms.
Unloading 2244 Unused Serialized files (Serialized files now loaded: 0)
System memory in use before: 104.0 MB.
System memory in use after: 104.2 MB.

Unloading 18 unused Assets to reduce memory usage. Loaded Objects now: 2795.
Total: 2.347900 ms (FindLiveObjects: 0.232100 ms CreateObjectMapping: 0.112900 ms MarkObjects: 1.982800 ms  DeleteObjects: 0.019000 ms)

AssetImportParameters requested are different than current active one (requested -> active):
  custom:framework-win-MediaFoundation: 216162199b28c13a410421893ffa2e32 -> 
  custom:video-decoder-ogg-theora: a1e56fd34408186e4bbccfd4996cb3dc -> 
  custom:container-muxer-webm: aa71ff27fc2769a1b78a27578f13a17b -> 
  custom:container-demuxer-webm: 4f35f7cbe854078d1ac9338744f61a02 -> 
  custom:container-demuxer-ogg: 62fdf1f143b41e24485cea50d1cbac27 -> 
  custom:video-encoder-webm-vp8: eb34c28f22e8b96e1ab97ce403110664 -> 
  custom:video-decoder-webm-vp8: 9c59270c3fd7afecdb556c50c9e8de78 -> 
  custom:audio-decoder-ogg-vorbis: bf7c407c2cedff20999df2af8eb42d56 -> 
  custom:audio-encoder-webm-vorbis: bf7c407c2cedff20999df2af8eb42d56 -> 
========================================================================
Received Prepare
Registering precompiled user dll's ...
Registered in 0.049246 seconds.
Begin MonoManager ReloadAssembly
Native extension for WindowsStandalone target not found
Refreshing native plugins compatible for Editor in 0.47 ms, found 3 plugins.
Preloading 0 native plugins for Editor in 0.00 ms.
Mono: successfully reloaded assembly
- Completed reload, in  1.085 seconds
Platform modules already initialized, skipping
Refreshing native plugins compatible for Editor in 0.45 ms, found 3 plugins.
Preloading 0 native plugins for Editor in 0.00 ms.
Unloading 2244 Unused Serialized files (Serialized files now loaded: 0)
System memory in use before: 104.0 MB.
System memory in use after: 104.2 MB.

Unloading 18 unused Assets to reduce memory usage. Loaded Objects now: 2798.
Total: 2.247500 ms (FindLiveObjects: 0.193400 ms CreateObjectMapping: 0.085200 ms MarkObjects: 1.951200 ms  DeleteObjects: 0.016700 ms)

AssetImportParameters requested are different than current active one (requested -> active):
  custom:framework-win-MediaFoundation: 216162199b28c13a410421893ffa2e32 -> 
  custom:video-decoder-ogg-theora: a1e56fd34408186e4bbccfd4996cb3dc -> 
  custom:container-muxer-webm: aa71ff27fc2769a1b78a27578f13a17b -> 
  custom:container-demuxer-webm: 4f35f7cbe854078d1ac9338744f61a02 -> 
  custom:container-demuxer-ogg: 62fdf1f143b41e24485cea50d1cbac27 -> 
  custom:video-encoder-webm-vp8: eb34c28f22e8b96e1ab97ce403110664 -> 
  custom:video-decoder-webm-vp8: 9c59270c3fd7afecdb556c50c9e8de78 -> 
  custom:audio-decoder-ogg-vorbis: bf7c407c2cedff20999df2af8eb42d56 -> 
  custom:audio-encoder-webm-vorbis: bf7c407c2cedff20999df2af8eb42d56 -> 
AssetImportWorkerClient::OnTransportError - code=2 error=End of file
